[0.036s] Invoking command in '/ros_ws/build/turtlebot3_node': AMENT_PREFIX_PATH=/ros_ws/install/turtlebot3_msgs:${AMENT_PREFIX_PATH} CMAKE_PREFIX_PATH=/ros_ws/install/turtlebot3_msgs:/opt/ros/humble LD_LIBRARY_PATH=/ros_ws/install/turtlebot3_msgs/lib:${LD_LIBRARY_PATH} PYTHONPATH=/ros_ws/install/turtlebot3_msgs/local/lib/python3.10/dist-packages:${PYTHONPATH} /usr/bin/cmake /ros_ws/src/turtlebot3/turtlebot3_node -DCMAKE_INSTALL_PREFIX=/ros_ws/install/turtlebot3_node
[0.422s] -- The C compiler identification is GNU 11.4.0
[0.425s] -- The CXX compiler identification is GNU 11.4.0
[0.426s] -- Detecting C compiler ABI info
[0.578s] -- Detecting C compiler ABI info - done
[0.599s] -- Check for working C compiler: /usr/bin/cc - skipped
[0.600s] -- Detecting C compile features
[0.601s] -- Detecting C compile features - done
[0.614s] -- Detecting CXX compiler ABI info
[0.745s] -- Detecting CXX compiler ABI info - done
[0.774s] -- Check for working CXX compiler: /usr/bin/c++ - skipped
[0.774s] -- Detecting CXX compile features
[0.775s] -- Detecting CXX compile features - done
[0.797s] -- Found ament_cmake: 1.3.14 (/opt/ros/humble/share/ament_cmake/cmake)
[1.118s] -- Found Python3: /usr/bin/python3 (found version "3.10.12") found components: Interpreter 
[1.399s] -- Found dynamixel_sdk: 4.0.3 (/opt/ros/humble/share/dynamixel_sdk/cmake)
[1.418s] -- Found geometry_msgs: 4.9.1 (/opt/ros/humble/share/geometry_msgs/cmake)
[1.553s] -- Found rosidl_generator_c: 3.1.8 (/opt/ros/humble/share/rosidl_generator_c/cmake)
[1.569s] -- Found rosidl_adapter: 3.1.8 (/opt/ros/humble/share/rosidl_adapter/cmake)
[1.587s] -- Found rosidl_generator_cpp: 3.1.8 (/opt/ros/humble/share/rosidl_generator_cpp/cmake)
[1.635s] -- Using all available rosidl_typesupport_c: rosidl_typesupport_fastrtps_c;rosidl_typesupport_introspection_c
[1.671s] -- Using all available rosidl_typesupport_cpp: rosidl_typesupport_fastrtps_cpp;rosidl_typesupport_introspection_cpp
[1.750s] -- Found message_filters: 4.3.16 (/opt/ros/humble/share/message_filters/cmake)
[1.846s] -- Found rmw_implementation_cmake: 6.1.2 (/opt/ros/humble/share/rmw_implementation_cmake/cmake)
[1.854s] -- Found rmw_fastrtps_cpp: 6.2.10 (/opt/ros/humble/share/rmw_fastrtps_cpp/cmake)
[2.031s] -- Found OpenSSL: /usr/lib/x86_64-linux-gnu/libcrypto.so (found version "3.0.2")  
[2.086s] -- Found FastRTPS: /opt/ros/humble/include  
[2.165s] -- Using RMW implementation 'rmw_fastrtps_cpp' as default
[2.188s] -- Looking for pthread.h
[2.341s] -- Looking for pthread.h - found
[2.341s] -- Performing Test CMAKE_HAVE_LIBC_PTHREAD
[2.463s] -- Performing Test CMAKE_HAVE_LIBC_PTHREAD - Success
[2.463s] -- Found Threads: TRUE  
[2.542s] -- Found nav_msgs: 4.9.1 (/opt/ros/humble/share/nav_msgs/cmake)
[2.566s] -- Found sensor_msgs: 4.9.1 (/opt/ros/humble/share/sensor_msgs/cmake)
[2.603s] -- Found std_srvs: 4.9.1 (/opt/ros/humble/share/std_srvs/cmake)
[2.625s] -- Found tf2: 0.25.20 (/opt/ros/humble/share/tf2/cmake)
[2.644s] -- Found tf2_ros: 0.25.20 (/opt/ros/humble/share/tf2_ros/cmake)
[2.828s] -- Found turtlebot3_msgs: 2.4.0 (/ros_ws/install/turtlebot3_msgs/share/turtlebot3_msgs/cmake)
[2.969s] -- Configuring done
[3.043s] -- Generating done
[3.061s] -- Build files have been written to: /ros_ws/build/turtlebot3_node
[3.096s] Invoked command in '/ros_ws/build/turtlebot3_node' returned '0': AMENT_PREFIX_PATH=/ros_ws/install/turtlebot3_msgs:${AMENT_PREFIX_PATH} CMAKE_PREFIX_PATH=/ros_ws/install/turtlebot3_msgs:/opt/ros/humble LD_LIBRARY_PATH=/ros_ws/install/turtlebot3_msgs/lib:${LD_LIBRARY_PATH} PYTHONPATH=/ros_ws/install/turtlebot3_msgs/local/lib/python3.10/dist-packages:${PYTHONPATH} /usr/bin/cmake /ros_ws/src/turtlebot3/turtlebot3_node -DCMAKE_INSTALL_PREFIX=/ros_ws/install/turtlebot3_node
[3.097s] Invoking command in '/ros_ws/build/turtlebot3_node': AMENT_PREFIX_PATH=/ros_ws/install/turtlebot3_msgs:${AMENT_PREFIX_PATH} CMAKE_PREFIX_PATH=/ros_ws/install/turtlebot3_msgs:/opt/ros/humble LD_LIBRARY_PATH=/ros_ws/install/turtlebot3_msgs/lib:${LD_LIBRARY_PATH} PYTHONPATH=/ros_ws/install/turtlebot3_msgs/local/lib/python3.10/dist-packages:${PYTHONPATH} /usr/bin/cmake --build /ros_ws/build/turtlebot3_node -- -j8 -l8
[3.181s] [  7%] [32mBuilding CXX object CMakeFiles/turtlebot3_node_lib.dir/src/devices/motor_power.cpp.o[0m
[3.190s] [ 14%] [32mBuilding CXX object CMakeFiles/turtlebot3_node_lib.dir/src/devices/sound.cpp.o[0m
[3.192s] [ 21%] [32mBuilding CXX object CMakeFiles/turtlebot3_node_lib.dir/src/diff_drive_controller.cpp.o[0m
[3.194s] [ 28%] [32mBuilding CXX object CMakeFiles/turtlebot3_node_lib.dir/src/devices/reset.cpp.o[0m
[3.206s] [ 35%] [32mBuilding CXX object CMakeFiles/turtlebot3_node_lib.dir/src/dynamixel_sdk_wrapper.cpp.o[0m
[3.211s] [ 42%] [32mBuilding CXX object CMakeFiles/turtlebot3_node_lib.dir/src/odometry.cpp.o[0m
[3.211s] [ 50%] [32mBuilding CXX object CMakeFiles/turtlebot3_node_lib.dir/src/sensors/battery_state.cpp.o[0m
[3.215s] [ 57%] [32mBuilding CXX object CMakeFiles/turtlebot3_node_lib.dir/src/turtlebot3.cpp.o[0m
[5.318s] [ 64%] [32mBuilding CXX object CMakeFiles/turtlebot3_node_lib.dir/src/sensors/imu.cpp.o[0m
[11.015s] [ 71%] [32mBuilding CXX object CMakeFiles/turtlebot3_node_lib.dir/src/sensors/joint_state.cpp.o[0m
[11.855s] [ 78%] [32mBuilding CXX object CMakeFiles/turtlebot3_node_lib.dir/src/sensors/sensor_state.cpp.o[0m
