[0.029s] Invoking command in '/ros_ws/build/turtlebot3_cartographer': CMAKE_PREFIX_PATH=/opt/ros/humble /usr/bin/cmake /ros_ws/src/turtlebot3/turtlebot3_cartographer -DCMAKE_INSTALL_PREFIX=/ros_ws/install/turtlebot3_cartographer
[0.233s] -- The C compiler identification is GNU 11.4.0
[0.357s] -- The CXX compiler identification is GNU 11.4.0
[0.364s] -- Detecting C compiler ABI info
[0.440s] -- Detecting C compiler ABI info - done
[0.447s] -- Check for working C compiler: /usr/bin/cc - skipped
[0.448s] -- Detecting C compile features
[0.448s] -- Detecting C compile features - done
[0.457s] -- Detecting CXX compiler ABI info
[0.567s] -- Detecting CXX compiler ABI info - done
[0.576s] -- Check for working CXX compiler: /usr/bin/c++ - skipped
[0.576s] -- Detecting CXX compile features
[0.577s] -- Detecting CXX compile features - done
[0.581s] -- Found ament_cmake: 1.3.14 (/opt/ros/humble/share/ament_cmake/cmake)
[0.821s] -- Found Python3: /usr/bin/python3 (found version "3.10.12") found components: Interpreter 
[1.042s] -- Configuring done
[1.045s] -- Generating done
[1.048s] -- Build files have been written to: /ros_ws/build/turtlebot3_cartographer
[1.053s] Invoked command in '/ros_ws/build/turtlebot3_cartographer' returned '0': CMAKE_PREFIX_PATH=/opt/ros/humble /usr/bin/cmake /ros_ws/src/turtlebot3/turtlebot3_cartographer -DCMAKE_INSTALL_PREFIX=/ros_ws/install/turtlebot3_cartographer
[1.054s] Invoking command in '/ros_ws/build/turtlebot3_cartographer': CMAKE_PREFIX_PATH=/opt/ros/humble /usr/bin/cmake --build /ros_ws/build/turtlebot3_cartographer -- -j8 -l8
[1.093s] Invoked command in '/ros_ws/build/turtlebot3_cartographer' returned '0': CMAKE_PREFIX_PATH=/opt/ros/humble /usr/bin/cmake --build /ros_ws/build/turtlebot3_cartographer -- -j8 -l8
[1.097s] Invoking command in '/ros_ws/build/turtlebot3_cartographer': CMAKE_PREFIX_PATH=/opt/ros/humble /usr/bin/cmake --install /ros_ws/build/turtlebot3_cartographer
[1.114s] -- Install configuration: ""
[1.115s] -- Installing: /ros_ws/install/turtlebot3_cartographer/share/turtlebot3_cartographer/config
[1.115s] -- Installing: /ros_ws/install/turtlebot3_cartographer/share/turtlebot3_cartographer/config/turtlebot3_lds_2d.lua
[1.115s] -- Installing: /ros_ws/install/turtlebot3_cartographer/share/turtlebot3_cartographer/launch
[1.115s] -- Installing: /ros_ws/install/turtlebot3_cartographer/share/turtlebot3_cartographer/launch/occupancy_grid.launch.py
[1.115s] -- Installing: /ros_ws/install/turtlebot3_cartographer/share/turtlebot3_cartographer/launch/cartographer.launch.py
[1.115s] -- Installing: /ros_ws/install/turtlebot3_cartographer/share/turtlebot3_cartographer/rviz
[1.115s] -- Installing: /ros_ws/install/turtlebot3_cartographer/share/turtlebot3_cartographer/rviz/tb3_cartographer.rviz
[1.115s] -- Installing: /ros_ws/install/turtlebot3_cartographer/share/ament_index/resource_index/package_run_dependencies/turtlebot3_cartographer
[1.115s] -- Installing: /ros_ws/install/turtlebot3_cartographer/share/ament_index/resource_index/parent_prefix_path/turtlebot3_cartographer
[1.115s] -- Installing: /ros_ws/install/turtlebot3_cartographer/share/turtlebot3_cartographer/environment/ament_prefix_path.sh
[1.115s] -- Installing: /ros_ws/install/turtlebot3_cartographer/share/turtlebot3_cartographer/environment/ament_prefix_path.dsv
[1.115s] -- Installing: /ros_ws/install/turtlebot3_cartographer/share/turtlebot3_cartographer/environment/path.sh
[1.115s] -- Installing: /ros_ws/install/turtlebot3_cartographer/share/turtlebot3_cartographer/environment/path.dsv
[1.115s] -- Installing: /ros_ws/install/turtlebot3_cartographer/share/turtlebot3_cartographer/local_setup.bash
[1.115s] -- Installing: /ros_ws/install/turtlebot3_cartographer/share/turtlebot3_cartographer/local_setup.sh
[1.115s] -- Installing: /ros_ws/install/turtlebot3_cartographer/share/turtlebot3_cartographer/local_setup.zsh
[1.115s] -- Installing: /ros_ws/install/turtlebot3_cartographer/share/turtlebot3_cartographer/local_setup.dsv
[1.115s] -- Installing: /ros_ws/install/turtlebot3_cartographer/share/turtlebot3_cartographer/package.dsv
[1.115s] -- Installing: /ros_ws/install/turtlebot3_cartographer/share/ament_index/resource_index/packages/turtlebot3_cartographer
[1.115s] -- Installing: /ros_ws/install/turtlebot3_cartographer/share/turtlebot3_cartographer/cmake/turtlebot3_cartographerConfig.cmake
[1.115s] -- Installing: /ros_ws/install/turtlebot3_cartographer/share/turtlebot3_cartographer/cmake/turtlebot3_cartographerConfig-version.cmake
[1.116s] -- Installing: /ros_ws/install/turtlebot3_cartographer/share/turtlebot3_cartographer/package.xml
[1.152s] Invoked command in '/ros_ws/build/turtlebot3_cartographer' returned '0': CMAKE_PREFIX_PATH=/opt/ros/humble /usr/bin/cmake --install /ros_ws/build/turtlebot3_cartographer
