[1.873s] Invoking command in '/ros_ws/src/turtlebot3/turtlebot3_example': AMENT_PREFIX_PATH=/ros_ws/install/turtlebot3_msgs:${AMENT_PREFIX_PATH} CMAKE_PREFIX_PATH=/ros_ws/install/turtlebot3_msgs LD_LIBRARY_PATH=/ros_ws/install/turtlebot3_msgs/lib:${LD_LIBRARY_PATH} PYTHONPATH=/ros_ws/build/turtlebot3_example/prefix_override:/usr/lib/python3/dist-packages/colcon_core/task/python/colcon_distutils_commands:/ros_ws/install/turtlebot3_example/lib/python3.10/site-packages:/ros_ws/install/turtlebot3_msgs/local/lib/python3.10/dist-packages:${PYTHONPATH} /usr/bin/python3 -W ignore:setup.py install is deprecated -W ignore:easy_install command is deprecated setup.py egg_info --egg-base ../../../build/turtlebot3_example build --build-base /ros_ws/build/turtlebot3_example/build install --record /ros_ws/build/turtlebot3_example/install.log --single-version-externally-managed install_data
[3.982s] running egg_info
[3.983s] creating ../../../build/turtlebot3_example/turtlebot3_example.egg-info
[3.983s] writing ../../../build/turtlebot3_example/turtlebot3_example.egg-info/PKG-INFO
[3.983s] writing dependency_links to ../../../build/turtlebot3_example/turtlebot3_example.egg-info/dependency_links.txt
[3.983s] writing entry points to ../../../build/turtlebot3_example/turtlebot3_example.egg-info/entry_points.txt
[3.983s] writing requirements to ../../../build/turtlebot3_example/turtlebot3_example.egg-info/requires.txt
[3.983s] writing top-level names to ../../../build/turtlebot3_example/turtlebot3_example.egg-info/top_level.txt
[3.983s] writing manifest file '../../../build/turtlebot3_example/turtlebot3_example.egg-info/SOURCES.txt'
[3.985s] reading manifest file '../../../build/turtlebot3_example/turtlebot3_example.egg-info/SOURCES.txt'
[3.985s] writing manifest file '../../../build/turtlebot3_example/turtlebot3_example.egg-info/SOURCES.txt'
[4.130s] running build
[4.760s] running build_py
[4.760s] creating /ros_ws/build/turtlebot3_example/build
[4.760s] creating /ros_ws/build/turtlebot3_example/build/lib
[4.761s] creating /ros_ws/build/turtlebot3_example/build/lib/turtlebot3_example
[4.761s] copying turtlebot3_example/__init__.py -> /ros_ws/build/turtlebot3_example/build/lib/turtlebot3_example
[4.761s] creating /ros_ws/build/turtlebot3_example/build/lib/turtlebot3_example/turtlebot3_interactive_marker
[4.761s] copying turtlebot3_example/turtlebot3_interactive_marker/__init__.py -> /ros_ws/build/turtlebot3_example/build/lib/turtlebot3_example/turtlebot3_interactive_marker
[4.761s] copying turtlebot3_example/turtlebot3_interactive_marker/turtlebot3_interactive_marker.py -> /ros_ws/build/turtlebot3_example/build/lib/turtlebot3_example/turtlebot3_interactive_marker
[4.762s] creating /ros_ws/build/turtlebot3_example/build/lib/turtlebot3_example/turtlebot3_patrol
[4.762s] copying turtlebot3_example/turtlebot3_patrol/__init__.py -> /ros_ws/build/turtlebot3_example/build/lib/turtlebot3_example/turtlebot3_patrol
[4.762s] copying turtlebot3_example/turtlebot3_patrol/turtlebot3_patrol_client.py -> /ros_ws/build/turtlebot3_example/build/lib/turtlebot3_example/turtlebot3_patrol
[4.763s] copying turtlebot3_example/turtlebot3_patrol/turtlebot3_patrol_server.py -> /ros_ws/build/turtlebot3_example/build/lib/turtlebot3_example/turtlebot3_patrol
[4.765s] creating /ros_ws/build/turtlebot3_example/build/lib/turtlebot3_example/turtlebot3_relative_move
[4.765s] copying turtlebot3_example/turtlebot3_relative_move/__init__.py -> /ros_ws/build/turtlebot3_example/build/lib/turtlebot3_example/turtlebot3_relative_move
[4.765s] copying turtlebot3_example/turtlebot3_relative_move/turtlebot3_relative_move.py -> /ros_ws/build/turtlebot3_example/build/lib/turtlebot3_example/turtlebot3_relative_move
[4.766s] creating /ros_ws/build/turtlebot3_example/build/lib/turtlebot3_example/turtlebot3_absolute_move
[4.766s] copying turtlebot3_example/turtlebot3_absolute_move/turtlebot3_absolute_move.py -> /ros_ws/build/turtlebot3_example/build/lib/turtlebot3_example/turtlebot3_absolute_move
[4.767s] copying turtlebot3_example/turtlebot3_absolute_move/__init__.py -> /ros_ws/build/turtlebot3_example/build/lib/turtlebot3_example/turtlebot3_absolute_move
[4.767s] creating /ros_ws/build/turtlebot3_example/build/lib/turtlebot3_example/turtlebot3_obstacle_detection
[4.767s] copying turtlebot3_example/turtlebot3_obstacle_detection/__init__.py -> /ros_ws/build/turtlebot3_example/build/lib/turtlebot3_example/turtlebot3_obstacle_detection
[4.768s] copying turtlebot3_example/turtlebot3_obstacle_detection/turtlebot3_obstacle_detection.py -> /ros_ws/build/turtlebot3_example/build/lib/turtlebot3_example/turtlebot3_obstacle_detection
[4.770s] running install
[4.770s] running install_lib
[4.771s] creating /ros_ws/install/turtlebot3_example/lib/python3.10/site-packages/turtlebot3_example
[4.771s] creating /ros_ws/install/turtlebot3_example/lib/python3.10/site-packages/turtlebot3_example/turtlebot3_interactive_marker
[4.771s] copying /ros_ws/build/turtlebot3_example/build/lib/turtlebot3_example/turtlebot3_interactive_marker/__init__.py -> /ros_ws/install/turtlebot3_example/lib/python3.10/site-packages/turtlebot3_example/turtlebot3_interactive_marker
[4.771s] copying /ros_ws/build/turtlebot3_example/build/lib/turtlebot3_example/turtlebot3_interactive_marker/turtlebot3_interactive_marker.py -> /ros_ws/install/turtlebot3_example/lib/python3.10/site-packages/turtlebot3_example/turtlebot3_interactive_marker
[4.771s] creating /ros_ws/install/turtlebot3_example/lib/python3.10/site-packages/turtlebot3_example/turtlebot3_patrol
[4.771s] copying /ros_ws/build/turtlebot3_example/build/lib/turtlebot3_example/turtlebot3_patrol/__init__.py -> /ros_ws/install/turtlebot3_example/lib/python3.10/site-packages/turtlebot3_example/turtlebot3_patrol
[4.771s] copying /ros_ws/build/turtlebot3_example/build/lib/turtlebot3_example/turtlebot3_patrol/turtlebot3_patrol_client.py -> /ros_ws/install/turtlebot3_example/lib/python3.10/site-packages/turtlebot3_example/turtlebot3_patrol
[4.771s] copying /ros_ws/build/turtlebot3_example/build/lib/turtlebot3_example/turtlebot3_patrol/turtlebot3_patrol_server.py -> /ros_ws/install/turtlebot3_example/lib/python3.10/site-packages/turtlebot3_example/turtlebot3_patrol
[4.771s] copying /ros_ws/build/turtlebot3_example/build/lib/turtlebot3_example/__init__.py -> /ros_ws/install/turtlebot3_example/lib/python3.10/site-packages/turtlebot3_example
[4.772s] creating /ros_ws/install/turtlebot3_example/lib/python3.10/site-packages/turtlebot3_example/turtlebot3_relative_move
[4.772s] copying /ros_ws/build/turtlebot3_example/build/lib/turtlebot3_example/turtlebot3_relative_move/__init__.py -> /ros_ws/install/turtlebot3_example/lib/python3.10/site-packages/turtlebot3_example/turtlebot3_relative_move
[4.772s] copying /ros_ws/build/turtlebot3_example/build/lib/turtlebot3_example/turtlebot3_relative_move/turtlebot3_relative_move.py -> /ros_ws/install/turtlebot3_example/lib/python3.10/site-packages/turtlebot3_example/turtlebot3_relative_move
[4.772s] creating /ros_ws/install/turtlebot3_example/lib/python3.10/site-packages/turtlebot3_example/turtlebot3_absolute_move
[4.772s] copying /ros_ws/build/turtlebot3_example/build/lib/turtlebot3_example/turtlebot3_absolute_move/turtlebot3_absolute_move.py -> /ros_ws/install/turtlebot3_example/lib/python3.10/site-packages/turtlebot3_example/turtlebot3_absolute_move
[4.772s] copying /ros_ws/build/turtlebot3_example/build/lib/turtlebot3_example/turtlebot3_absolute_move/__init__.py -> /ros_ws/install/turtlebot3_example/lib/python3.10/site-packages/turtlebot3_example/turtlebot3_absolute_move
[4.772s] creating /ros_ws/install/turtlebot3_example/lib/python3.10/site-packages/turtlebot3_example/turtlebot3_obstacle_detection
[4.772s] copying /ros_ws/build/turtlebot3_example/build/lib/turtlebot3_example/turtlebot3_obstacle_detection/__init__.py -> /ros_ws/install/turtlebot3_example/lib/python3.10/site-packages/turtlebot3_example/turtlebot3_obstacle_detection
[4.772s] copying /ros_ws/build/turtlebot3_example/build/lib/turtlebot3_example/turtlebot3_obstacle_detection/turtlebot3_obstacle_detection.py -> /ros_ws/install/turtlebot3_example/lib/python3.10/site-packages/turtlebot3_example/turtlebot3_obstacle_detection
[4.773s] byte-compiling /ros_ws/install/turtlebot3_example/lib/python3.10/site-packages/turtlebot3_example/turtlebot3_interactive_marker/__init__.py to __init__.cpython-310.pyc
[4.773s] byte-compiling /ros_ws/install/turtlebot3_example/lib/python3.10/site-packages/turtlebot3_example/turtlebot3_interactive_marker/turtlebot3_interactive_marker.py to turtlebot3_interactive_marker.cpython-310.pyc
[4.774s] byte-compiling /ros_ws/install/turtlebot3_example/lib/python3.10/site-packages/turtlebot3_example/turtlebot3_patrol/__init__.py to __init__.cpython-310.pyc
[4.774s] byte-compiling /ros_ws/install/turtlebot3_example/lib/python3.10/site-packages/turtlebot3_example/turtlebot3_patrol/turtlebot3_patrol_client.py to turtlebot3_patrol_client.cpython-310.pyc
[4.775s] byte-compiling /ros_ws/install/turtlebot3_example/lib/python3.10/site-packages/turtlebot3_example/turtlebot3_patrol/turtlebot3_patrol_server.py to turtlebot3_patrol_server.cpython-310.pyc
[4.776s] byte-compiling /ros_ws/install/turtlebot3_example/lib/python3.10/site-packages/turtlebot3_example/__init__.py to __init__.cpython-310.pyc
[4.776s] byte-compiling /ros_ws/install/turtlebot3_example/lib/python3.10/site-packages/turtlebot3_example/turtlebot3_relative_move/__init__.py to __init__.cpython-310.pyc
[4.776s] byte-compiling /ros_ws/install/turtlebot3_example/lib/python3.10/site-packages/turtlebot3_example/turtlebot3_relative_move/turtlebot3_relative_move.py to turtlebot3_relative_move.cpython-310.pyc
[4.777s] byte-compiling /ros_ws/install/turtlebot3_example/lib/python3.10/site-packages/turtlebot3_example/turtlebot3_absolute_move/turtlebot3_absolute_move.py to turtlebot3_absolute_move.cpython-310.pyc
[4.778s] byte-compiling /ros_ws/install/turtlebot3_example/lib/python3.10/site-packages/turtlebot3_example/turtlebot3_absolute_move/__init__.py to __init__.cpython-310.pyc
[4.778s] byte-compiling /ros_ws/install/turtlebot3_example/lib/python3.10/site-packages/turtlebot3_example/turtlebot3_obstacle_detection/__init__.py to __init__.cpython-310.pyc
[4.778s] byte-compiling /ros_ws/install/turtlebot3_example/lib/python3.10/site-packages/turtlebot3_example/turtlebot3_obstacle_detection/turtlebot3_obstacle_detection.py to turtlebot3_obstacle_detection.cpython-310.pyc
[4.779s] running install_data
[4.779s] creating /ros_ws/install/turtlebot3_example/share/ament_index
[4.779s] creating /ros_ws/install/turtlebot3_example/share/ament_index/resource_index
[4.779s] creating /ros_ws/install/turtlebot3_example/share/ament_index/resource_index/packages
[4.779s] copying resource/turtlebot3_example -> /ros_ws/install/turtlebot3_example/share/ament_index/resource_index/packages
[4.779s] copying package.xml -> /ros_ws/install/turtlebot3_example/share/turtlebot3_example
[4.780s] running install_egg_info
[4.782s] Copying ../../../build/turtlebot3_example/turtlebot3_example.egg-info to /ros_ws/install/turtlebot3_example/lib/python3.10/site-packages/turtlebot3_example-2.3.7-py3.10.egg-info
[4.783s] running install_scripts
[4.808s] Installing turtlebot3_absolute_move script to /ros_ws/install/turtlebot3_example/lib/turtlebot3_example
[4.809s] Installing turtlebot3_interactive_marker script to /ros_ws/install/turtlebot3_example/lib/turtlebot3_example
[4.810s] Installing turtlebot3_obstacle_detection script to /ros_ws/install/turtlebot3_example/lib/turtlebot3_example
[4.810s] Installing turtlebot3_patrol_client script to /ros_ws/install/turtlebot3_example/lib/turtlebot3_example
[4.810s] Installing turtlebot3_patrol_server script to /ros_ws/install/turtlebot3_example/lib/turtlebot3_example
[4.810s] Installing turtlebot3_relative_move script to /ros_ws/install/turtlebot3_example/lib/turtlebot3_example
[4.810s] writing list of installed files to '/ros_ws/build/turtlebot3_example/install.log'
[4.878s] Invoked command in '/ros_ws/src/turtlebot3/turtlebot3_example' returned '0': AMENT_PREFIX_PATH=/ros_ws/install/turtlebot3_msgs:${AMENT_PREFIX_PATH} CMAKE_PREFIX_PATH=/ros_ws/install/turtlebot3_msgs LD_LIBRARY_PATH=/ros_ws/install/turtlebot3_msgs/lib:${LD_LIBRARY_PATH} PYTHONPATH=/ros_ws/build/turtlebot3_example/prefix_override:/usr/lib/python3/dist-packages/colcon_core/task/python/colcon_distutils_commands:/ros_ws/install/turtlebot3_example/lib/python3.10/site-packages:/ros_ws/install/turtlebot3_msgs/local/lib/python3.10/dist-packages:${PYTHONPATH} /usr/bin/python3 -W ignore:setup.py install is deprecated -W ignore:easy_install command is deprecated setup.py egg_info --egg-base ../../../build/turtlebot3_example build --build-base /ros_ws/build/turtlebot3_example/build install --record /ros_ws/build/turtlebot3_example/install.log --single-version-externally-managed install_data
