[1.799s] Invoking command in '/ros_ws/build/turtlebot3_node': AMENT_PREFIX_PATH=/ros_ws/install/turtlebot3_msgs:${AMENT_PREFIX_PATH} CMAKE_PREFIX_PATH=/ros_ws/install/turtlebot3_msgs:/opt/ros/humble LD_LIBRARY_PATH=/ros_ws/install/turtlebot3_msgs/lib:${LD_LIBRARY_PATH} PYTHONPATH=/ros_ws/install/turtlebot3_msgs/local/lib/python3.10/dist-packages:${PYTHONPATH} /usr/bin/cmake /ros_ws/src/turtlebot3/turtlebot3_node -DCMAKE_INSTALL_PREFIX=/ros_ws/install/turtlebot3_node
[1.944s] -- The C compiler identification is GNU 11.4.0
[2.047s] -- The CXX compiler identification is GNU 11.4.0
[2.062s] -- Detecting C compiler ABI info
[2.180s] -- Detecting C compiler ABI info - done
[2.191s] -- Check for working C compiler: /usr/bin/cc - skipped
[2.192s] -- Detecting C compile features
[2.195s] -- Detecting C compile features - done
[2.203s] -- Detecting CXX compiler ABI info
[2.389s] -- Detecting CXX compiler ABI info - done
[2.402s] -- Check for working CXX compiler: /usr/bin/c++ - skipped
[2.402s] -- Detecting CXX compile features
[2.403s] -- Detecting CXX compile features - done
[2.412s] -- Found ament_cmake: 1.3.14 (/opt/ros/humble/share/ament_cmake/cmake)
[2.717s] -- Found Python3: /usr/bin/python3 (found version "3.10.12") found components: Interpreter 
[2.959s] -- Found dynamixel_sdk: 4.0.3 (/opt/ros/humble/share/dynamixel_sdk/cmake)
[2.979s] -- Found geometry_msgs: 4.9.1 (/opt/ros/humble/share/geometry_msgs/cmake)
[3.126s] -- Found rosidl_generator_c: 3.1.8 (/opt/ros/humble/share/rosidl_generator_c/cmake)
[3.141s] -- Found rosidl_adapter: 3.1.8 (/opt/ros/humble/share/rosidl_adapter/cmake)
[3.164s] -- Found rosidl_generator_cpp: 3.1.8 (/opt/ros/humble/share/rosidl_generator_cpp/cmake)
[3.232s] -- Using all available rosidl_typesupport_c: rosidl_typesupport_fastrtps_c;rosidl_typesupport_introspection_c
[3.352s] -- Using all available rosidl_typesupport_cpp: rosidl_typesupport_fastrtps_cpp;rosidl_typesupport_introspection_cpp
[3.534s] -- Found message_filters: 4.3.16 (/opt/ros/humble/share/message_filters/cmake)
[5.976s] -- Found rmw_implementation_cmake: 6.1.2 (/opt/ros/humble/share/rmw_implementation_cmake/cmake)
[5.988s] -- Found rmw_fastrtps_cpp: 6.2.10 (/opt/ros/humble/share/rmw_fastrtps_cpp/cmake)
[6.271s] -- Found OpenSSL: /usr/lib/x86_64-linux-gnu/libcrypto.so (found version "3.0.2")  
[6.340s] -- Found FastRTPS: /opt/ros/humble/include  
[6.448s] -- Using RMW implementation 'rmw_fastrtps_cpp' as default
[6.476s] -- Looking for pthread.h
[6.770s] -- Looking for pthread.h - found
[6.770s] -- Performing Test CMAKE_HAVE_LIBC_PTHREAD
[7.225s] -- Performing Test CMAKE_HAVE_LIBC_PTHREAD - Success
[7.229s] -- Found Threads: TRUE  
[7.430s] -- Found nav_msgs: 4.9.1 (/opt/ros/humble/share/nav_msgs/cmake)
[7.484s] -- Found sensor_msgs: 4.9.1 (/opt/ros/humble/share/sensor_msgs/cmake)
[7.535s] -- Found std_srvs: 4.9.1 (/opt/ros/humble/share/std_srvs/cmake)
[7.568s] -- Found tf2: 0.25.20 (/opt/ros/humble/share/tf2/cmake)
[7.600s] -- Found tf2_ros: 0.25.20 (/opt/ros/humble/share/tf2_ros/cmake)
