[1.683s] Invoking command in '/ros_ws/build/robot_navigation': PYTHONPATH=/ros_ws/build/robot_navigation/prefix_override:/usr/lib/python3/dist-packages/colcon_core/task/python/colcon_distutils_commands:/ros_ws/install/robot_navigation/lib/python3.10/site-packages:${PYTHONPATH} /usr/bin/python3 -W ignore:setup.py install is deprecated -W ignore:easy_install command is deprecated setup.py develop --editable --build-directory /ros_ws/build/robot_navigation/build --no-deps symlink_data
[2.029s] running develop
[2.275s] running egg_info
[2.275s] creating robot_navigation.egg-info
[2.275s] writing robot_navigation.egg-info/PKG-INFO
[2.275s] writing dependency_links to robot_navigation.egg-info/dependency_links.txt
[2.275s] writing entry points to robot_navigation.egg-info/entry_points.txt
[2.275s] writing requirements to robot_navigation.egg-info/requires.txt
[2.275s] writing top-level names to robot_navigation.egg-info/top_level.txt
[2.275s] writing manifest file 'robot_navigation.egg-info/SOURCES.txt'
[2.276s] reading manifest file 'robot_navigation.egg-info/SOURCES.txt'
[2.276s] writing manifest file 'robot_navigation.egg-info/SOURCES.txt'
[2.276s] running build_ext
[2.276s] Creating /ros_ws/install/robot_navigation/lib/python3.10/site-packages/robot-navigation.egg-link (link to .)
[2.276s] Installing navigator script to /ros_ws/install/robot_navigation/lib/robot_navigation
[2.276s] 
[2.276s] Installed /ros_ws/build/robot_navigation
[2.276s] running symlink_data
[2.276s] creating /ros_ws/install/robot_navigation/share/ament_index
[2.276s] creating /ros_ws/install/robot_navigation/share/ament_index/resource_index
[2.276s] creating /ros_ws/install/robot_navigation/share/ament_index/resource_index/packages
[2.276s] symbolically linking /ros_ws/build/robot_navigation/resource/robot_navigation -> /ros_ws/install/robot_navigation/share/ament_index/resource_index/packages
[2.276s] symbolically linking /ros_ws/build/robot_navigation/package.xml -> /ros_ws/install/robot_navigation/share/robot_navigation
[2.276s] creating /ros_ws/install/robot_navigation/share/robot_navigation/launch
[2.276s] symbolically linking /ros_ws/build/robot_navigation/launch/mission.launch.py -> /ros_ws/install/robot_navigation/share/robot_navigation/launch
[2.276s] creating /ros_ws/install/robot_navigation/share/robot_navigation/config
[2.277s] symbolically linking /ros_ws/build/robot_navigation/config/mission.yaml -> /ros_ws/install/robot_navigation/share/robot_navigation/config
[2.347s] Invoked command in '/ros_ws/build/robot_navigation' returned '0': PYTHONPATH=/ros_ws/build/robot_navigation/prefix_override:/usr/lib/python3/dist-packages/colcon_core/task/python/colcon_distutils_commands:/ros_ws/install/robot_navigation/lib/python3.10/site-packages:${PYTHONPATH} /usr/bin/python3 -W ignore:setup.py install is deprecated -W ignore:easy_install command is deprecated setup.py develop --editable --build-directory /ros_ws/build/robot_navigation/build --no-deps symlink_data
