[0.024s] Invoking command in '/ros_ws/build/turtlebot3_gazebo': CMAKE_PREFIX_PATH=/opt/ros/humble /usr/bin/cmake /ros_ws/src/turtlebot3_simulations/turtlebot3_gazebo -DCMAKE_INSTALL_PREFIX=/ros_ws/install/turtlebot3_gazebo
[0.232s] -- The C compiler identification is GNU 11.4.0
[0.351s] -- The CXX compiler identification is GNU 11.4.0
[0.356s] -- Detecting C compiler ABI info
[0.451s] -- Detecting C compiler ABI info - done
[0.459s] -- Check for working C compiler: /usr/bin/cc - skipped
[0.459s] -- Detecting C compile features
[0.459s] -- Detecting C compile features - done
[0.460s] -- Detecting CXX compiler ABI info
[0.576s] -- Detecting CXX compiler ABI info - done
[0.584s] -- Check for working CXX compiler: /usr/bin/c++ - skipped
[0.584s] -- Detecting CXX compile features
[0.585s] -- Detecting CXX compile features - done
[0.590s] -- Found ament_cmake: 1.3.14 (/opt/ros/humble/share/ament_cmake/cmake)
[0.816s] -- Found Python3: /usr/bin/python3 (found version "3.10.12") found components: Interpreter 
[0.944s] -- Found PkgConfig: /usr/bin/pkg-config (found version "0.29.2") 
[0.945s] [33mCMake Warning (dev) at /usr/share/cmake-3.22/Modules/FindPackageHandleStandardArgs.cmake:438 (message):
[0.945s]   The package name passed to `find_package_handle_standard_args` (PkgConfig)
[0.945s]   does not match the name of the calling package (gazebo).  This can lead to
[0.945s]   problems in calling code that expects `find_package` result variables
[0.945s]   (e.g., `_FOUND`) to follow a certain pattern.
[0.945s] Call Stack (most recent call first):
[0.945s]   /usr/share/cmake-3.22/Modules/FindPkgConfig.cmake:99 (find_package_handle_standard_args)
[0.945s]   /usr/lib/x86_64-linux-gnu/cmake/gazebo/gazebo-config.cmake:72 (include)
[0.945s]   CMakeLists.txt:23 (find_package)
[0.946s] This warning is for project developers.  Use -Wno-dev to suppress it.
[0.946s] [0m
[0.949s] -- Checking for module 'bullet>=2.82'
[0.964s] --   Found bullet, version 3.05
[1.091s] -- Found fcl: /usr/include (found suitable version "0.7.0", minimum required is "0.5.0") 
[1.148s] -- Found assimp: /usr/include (found version "5.2.0") 
[1.206s] -- Found DART: /usr/include (Required is at least version "6.6") found components: dart 
[1.390s] -- Found Boost: /usr/lib/x86_64-linux-gnu/cmake/Boost-1.74.0/BoostConfig.cmake (found suitable version "1.74.0", minimum required is "1.40.0") found components: thread system filesystem program_options regex iostreams date_time 
[1.411s] -- Found Protobuf: /usr/lib/x86_64-linux-gnu/libprotobuf.so (found version "3.12.4") 
[1.418s] -- Looking for ignition-math6 -- found version 6.15.1
[1.426s] -- Searching for dependencies of ignition-math6
[1.428s] -- Looking for OGRE...
[1.428s] -- OGRE_PREFIX_WATCH changed.
[1.432s] -- Checking for module 'OGRE'
[1.441s] --   Found OGRE, version 1.9.0
[1.466s] -- Found Ogre Ghadamon (1.9.0)
[1.473s] -- Found OGRE: optimized;/usr/lib/x86_64-linux-gnu/libOgreMain.so;debug;/usr/lib/x86_64-linux-gnu/libOgreMain.so
[1.481s] -- Looking for OGRE_Paging...
[1.484s] -- Found OGRE_Paging: optimized;/usr/lib/x86_64-linux-gnu/libOgrePaging.so;debug;/usr/lib/x86_64-linux-gnu/libOgrePaging.so
[1.485s] -- Looking for OGRE_Terrain...
[1.487s] -- Found OGRE_Terrain: optimized;/usr/lib/x86_64-linux-gnu/libOgreTerrain.so;debug;/usr/lib/x86_64-linux-gnu/libOgreTerrain.so
[1.487s] -- Looking for OGRE_Property...
[1.490s] -- Found OGRE_Property: optimized;/usr/lib/x86_64-linux-gnu/libOgreProperty.so;debug;/usr/lib/x86_64-linux-gnu/libOgreProperty.so
[1.490s] -- Looking for OGRE_RTShaderSystem...
[1.493s] -- Found OGRE_RTShaderSystem: optimized;/usr/lib/x86_64-linux-gnu/libOgreRTShaderSystem.so;debug;/usr/lib/x86_64-linux-gnu/libOgreRTShaderSystem.so
[1.493s] -- Looking for OGRE_Volume...
[1.495s] -- Found OGRE_Volume: optimized;/usr/lib/x86_64-linux-gnu/libOgreVolume.so;debug;/usr/lib/x86_64-linux-gnu/libOgreVolume.so
[1.495s] -- Looking for OGRE_Overlay...
[1.498s] -- Found OGRE_Overlay: optimized;/usr/lib/x86_64-linux-gnu/libOgreOverlay.so;debug;/usr/lib/x86_64-linux-gnu/libOgreOverlay.so
[1.561s] -- Looking for ignition-math6 -- found version 6.15.1
[1.563s] -- Looking for ignition-transport8 -- found version 8.2.1
[1.564s] -- Searching for dependencies of ignition-transport8
[1.581s] -- Found Protobuf: /usr/lib/x86_64-linux-gnu/libprotobuf.so (found suitable version "3.12.4", minimum required is "3") 
[1.594s] -- Config-file not installed for ZeroMQ -- checking for pkg-config
[1.598s] -- Checking for module 'libzmq >= 4'
[1.608s] --   Found libzmq , version 4.3.4
[1.634s] -- Found ZeroMQ: TRUE (Required is at least version "4") 
[1.639s] -- Checking for module 'uuid'
[1.647s] --   Found uuid, version 2.37.2
[1.668s] -- Found UUID: TRUE  
[1.671s] -- Looking for ignition-msgs5 -- found version 5.8.1
[1.671s] -- Searching for dependencies of ignition-msgs5
[1.689s] -- Looking for ignition-math6 -- found version 6.15.1
[1.694s] -- Checking for module 'tinyxml2'
[1.705s] --   Found tinyxml2, version 9.0.0
[1.727s] -- Looking for ignition-msgs5 -- found version 5.8.1
[1.730s] -- Looking for ignition-common3 -- found version 3.14.0
[1.730s] -- Searching for dependencies of ignition-common3
[1.730s] -- Looking for dlfcn.h - found
[1.731s] -- Looking for libdl - found
[1.732s] -- Found DL: TRUE  
[1.742s] -- Found tinyobjloader: /usr/lib/x86_64-linux-gnu/cmake/tinyobjloader/tinyobjloader-config.cmake (found version "2.0.0") 
[1.742s] -- Searching for <ignition-common3> component [graphics]
[1.745s] -- Looking for ignition-common3-graphics -- found version 3.14.0
[1.745s] -- Searching for dependencies of ignition-common3-graphics
[1.745s] -- Looking for ignition-math6 -- found version 6.15.1
[1.748s] -- Looking for ignition-fuel_tools4 -- found version 4.4.0
[1.749s] -- Searching for dependencies of ignition-fuel_tools4
[1.808s] -- Found CURL: /usr/lib/x86_64-linux-gnu/libcurl.so (found version "7.81.0")  
[1.816s] -- Checking for module 'jsoncpp'
[1.826s] --   Found jsoncpp, version 1.9.5
[1.858s] -- Found JSONCPP: TRUE  
[1.863s] -- Checking for module 'libzip'
[1.872s] --   Found libzip, version 1.7.3
[1.896s] -- Found ZIP: TRUE  
[1.897s] -- Looking for ignition-common3 -- found version 3.14.0
[1.897s] -- Looking for ignition-math6 -- found version 6.15.1
[1.898s] -- Looking for ignition-msgs5 -- found version 5.8.1
[1.904s] -- Found gazebo_ros_pkgs: 3.9.0 (/opt/ros/humble/share/gazebo_ros_pkgs/cmake)
[1.906s] -- Found geometry_msgs: 4.9.1 (/opt/ros/humble/share/geometry_msgs/cmake)
[1.935s] -- Found rosidl_generator_c: 3.1.8 (/opt/ros/humble/share/rosidl_generator_c/cmake)
[1.940s] -- Found rosidl_adapter: 3.1.8 (/opt/ros/humble/share/rosidl_adapter/cmake)
[1.948s] -- Found rosidl_generator_cpp: 3.1.8 (/opt/ros/humble/share/rosidl_generator_cpp/cmake)
[1.960s] -- Using all available rosidl_typesupport_c: rosidl_typesupport_fastrtps_c;rosidl_typesupport_introspection_c
[1.974s] -- Using all available rosidl_typesupport_cpp: rosidl_typesupport_fastrtps_cpp;rosidl_typesupport_introspection_cpp
[2.008s] -- Found nav_msgs: 4.9.1 (/opt/ros/humble/share/nav_msgs/cmake)
[2.437s] -- Found rclcpp: 16.0.19 (/opt/ros/humble/share/rclcpp/cmake)
[2.490s] -- Found rmw_implementation_cmake: 6.1.2 (/opt/ros/humble/share/rmw_implementation_cmake/cmake)
[2.494s] -- Found rmw_fastrtps_cpp: 6.2.10 (/opt/ros/humble/share/rmw_fastrtps_cpp/cmake)
[2.577s] -- Found OpenSSL: /usr/lib/x86_64-linux-gnu/libcrypto.so (found version "3.0.2")  
[2.603s] -- Found FastRTPS: /opt/ros/humble/include  
[2.647s] -- Using RMW implementation 'rmw_fastrtps_cpp' as default
[2.658s] -- Found Threads: TRUE  
[2.710s] -- Found sensor_msgs: 4.9.1 (/opt/ros/humble/share/sensor_msgs/cmake)
[2.733s] -- Found tf2: 0.25.20 (/opt/ros/humble/share/tf2/cmake)
[2.800s] -- Configuring done
[2.868s] -- Generating done
[2.882s] -- Build files have been written to: /ros_ws/build/turtlebot3_gazebo
[2.900s] Invoked command in '/ros_ws/build/turtlebot3_gazebo' returned '0': CMAKE_PREFIX_PATH=/opt/ros/humble /usr/bin/cmake /ros_ws/src/turtlebot3_simulations/turtlebot3_gazebo -DCMAKE_INSTALL_PREFIX=/ros_ws/install/turtlebot3_gazebo
[2.902s] Invoking command in '/ros_ws/build/turtlebot3_gazebo': CMAKE_PREFIX_PATH=/opt/ros/humble /usr/bin/cmake --build /ros_ws/build/turtlebot3_gazebo -- -j8 -l8
[2.963s] [  8%] [32mBuilding CXX object CMakeFiles/traffic_bar_plugin.dir/src/traffic_bar_plugin.cpp.o[0m
[2.968s] [ 16%] [32mBuilding CXX object CMakeFiles/turtlebot3_drive.dir/src/turtlebot3_drive.cpp.o[0m
[2.968s] [ 25%] [32mBuilding CXX object CMakeFiles/traffic_light_plugin.dir/src/traffic_light_plugin.cpp.o[0m
[2.972s] [ 50%] [32mBuilding CXX object CMakeFiles/obstacle2.dir/src/obstacle2.cpp.o[0m
[2.972s] [ 50%] [32mBuilding CXX object CMakeFiles/obstacles.dir/src/obstacles.cpp.o[0m
[2.972s] [ 50%] [32mBuilding CXX object CMakeFiles/obstacle1.dir/src/obstacle1.cpp.o[0m
