[0.637s] Invoking command in '/ros_ws/build/turtlebot3_fake_node': AMENT_PREFIX_PATH=/ros_ws/install/turtlebot3_msgs:${AMENT_PREFIX_PATH} CMAKE_PREFIX_PATH=/ros_ws/install/turtlebot3_msgs:/opt/ros/humble LD_LIBRARY_PATH=/ros_ws/install/turtlebot3_msgs/lib:${LD_LIBRARY_PATH} PYTHONPATH=/ros_ws/install/turtlebot3_msgs/local/lib/python3.10/dist-packages:${PYTHONPATH} /usr/bin/cmake /ros_ws/src/turtlebot3_simulations/turtlebot3_fake_node -DAMENT_CMAKE_SYMLINK_INSTALL=1 -DCMAKE_INSTALL_PREFIX=/ros_ws/install/turtlebot3_fake_node
[0.795s] -- The C compiler identification is GNU 11.4.0
[1.910s] -- The CXX compiler identification is GNU 11.4.0
[1.921s] -- Detecting C compiler ABI info
[2.127s] -- Detecting C compiler ABI info - done
[2.138s] -- Check for working C compiler: /usr/bin/cc - skipped
[2.142s] -- Detecting C compile features
[2.142s] -- Detecting C compile features - done
[2.142s] -- Detecting CXX compiler ABI info
[2.410s] -- Detecting CXX compiler ABI info - done
[2.432s] -- Check for working CXX compiler: /usr/bin/c++ - skipped
[2.434s] -- Detecting CXX compile features
[2.440s] -- Detecting CXX compile features - done
[2.458s] -- Found ament_cmake: 1.3.14 (/opt/ros/humble/share/ament_cmake/cmake)
[2.976s] -- Found Python3: /usr/bin/python3 (found version "3.10.12") found components: Interpreter 
[3.261s] -- Override CMake install command with custom implementation using symlinks instead of copying resources
[3.544s] -- Found geometry_msgs: 4.9.1 (/opt/ros/humble/share/geometry_msgs/cmake)
[3.900s] -- Found rosidl_generator_c: 3.1.8 (/opt/ros/humble/share/rosidl_generator_c/cmake)
[3.925s] -- Found rosidl_adapter: 3.1.8 (/opt/ros/humble/share/rosidl_adapter/cmake)
[3.959s] -- Found rosidl_generator_cpp: 3.1.8 (/opt/ros/humble/share/rosidl_generator_cpp/cmake)
[4.066s] -- Using all available rosidl_typesupport_c: rosidl_typesupport_fastrtps_c;rosidl_typesupport_introspection_c
[4.176s] -- Using all available rosidl_typesupport_cpp: rosidl_typesupport_fastrtps_cpp;rosidl_typesupport_introspection_cpp
[4.426s] -- Found nav_msgs: 4.9.1 (/opt/ros/humble/share/nav_msgs/cmake)
[4.586s] -- Found rclcpp: 16.0.19 (/opt/ros/humble/share/rclcpp/cmake)
[4.778s] -- Found rmw_implementation_cmake: 6.1.2 (/opt/ros/humble/share/rmw_implementation_cmake/cmake)
[4.792s] -- Found rmw_fastrtps_cpp: 6.2.10 (/opt/ros/humble/share/rmw_fastrtps_cpp/cmake)
[5.117s] -- Found OpenSSL: /usr/lib/x86_64-linux-gnu/libcrypto.so (found version "3.0.2")  
[5.194s] -- Found FastRTPS: /opt/ros/humble/include  
[5.285s] -- Using RMW implementation 'rmw_fastrtps_cpp' as default
[5.302s] -- Looking for pthread.h
[5.481s] -- Looking for pthread.h - found
[5.481s] -- Performing Test CMAKE_HAVE_LIBC_PTHREAD
[5.553s] -- Performing Test CMAKE_HAVE_LIBC_PTHREAD - Success
[5.555s] -- Found Threads: TRUE  
[5.619s] -- Found sensor_msgs: 4.9.1 (/opt/ros/humble/share/sensor_msgs/cmake)
[5.647s] -- Found tf2: 0.25.20 (/opt/ros/humble/share/tf2/cmake)
[5.680s] -- Found tf2_msgs: 0.25.20 (/opt/ros/humble/share/tf2_msgs/cmake)
[5.818s] -- Found turtlebot3_msgs: 2.4.0 (/ros_ws/install/turtlebot3_msgs/share/turtlebot3_msgs/cmake)
[6.221s] -- Configuring done
[6.277s] -- Generating done
[6.286s] -- Build files have been written to: /ros_ws/build/turtlebot3_fake_node
[6.305s] Invoked command in '/ros_ws/build/turtlebot3_fake_node' returned '0': AMENT_PREFIX_PATH=/ros_ws/install/turtlebot3_msgs:${AMENT_PREFIX_PATH} CMAKE_PREFIX_PATH=/ros_ws/install/turtlebot3_msgs:/opt/ros/humble LD_LIBRARY_PATH=/ros_ws/install/turtlebot3_msgs/lib:${LD_LIBRARY_PATH} PYTHONPATH=/ros_ws/install/turtlebot3_msgs/local/lib/python3.10/dist-packages:${PYTHONPATH} /usr/bin/cmake /ros_ws/src/turtlebot3_simulations/turtlebot3_fake_node -DAMENT_CMAKE_SYMLINK_INSTALL=1 -DCMAKE_INSTALL_PREFIX=/ros_ws/install/turtlebot3_fake_node
[6.310s] Invoking command in '/ros_ws/build/turtlebot3_fake_node': AMENT_PREFIX_PATH=/ros_ws/install/turtlebot3_msgs:${AMENT_PREFIX_PATH} CMAKE_PREFIX_PATH=/ros_ws/install/turtlebot3_msgs:/opt/ros/humble LD_LIBRARY_PATH=/ros_ws/install/turtlebot3_msgs/lib:${LD_LIBRARY_PATH} PYTHONPATH=/ros_ws/install/turtlebot3_msgs/local/lib/python3.10/dist-packages:${PYTHONPATH} /usr/bin/cmake --build /ros_ws/build/turtlebot3_fake_node -- -j8 -l8
[6.440s] [ 50%] Building CXX object CMakeFiles/turtlebot3_fake_node.dir/src/turtlebot3_fake_node.cpp.o
