[0.037s] Invoking command in '/ros_ws/build/turtlebot3_gazebo': CMAKE_PREFIX_PATH=/opt/ros/humble /usr/bin/cmake /ros_ws/src/turtlebot3_simulations/turtlebot3_gazebo -DAMENT_CMAKE_SYMLINK_INSTALL=1 -DCMAKE_INSTALL_PREFIX=/ros_ws/install/turtlebot3_gazebo
[1.145s] -- The C compiler identification is GNU 11.4.0
[1.145s] -- The CXX compiler identification is GNU 11.4.0
[1.146s] -- Detecting C compiler ABI info
[1.146s] -- Detecting C compiler ABI info - done
[1.146s] -- Check for working C compiler: /usr/bin/cc - skipped
[1.146s] -- Detecting C compile features
[1.146s] -- Detecting C compile features - done
[1.146s] -- Detecting CXX compiler ABI info
[1.146s] -- Detecting CXX compiler ABI info - done
[1.146s] -- Check for working CXX compiler: /usr/bin/c++ - skipped
[1.146s] -- Detecting CXX compile features
[1.146s] -- Detecting CXX compile features - done
[1.146s] -- Found ament_cmake: 1.3.14 (/opt/ros/humble/share/ament_cmake/cmake)
[1.256s] -- Found Python3: /usr/bin/python3 (found version "3.10.12") found components: Interpreter 
[1.351s] -- Override CMake install command with custom implementation using symlinks instead of copying resources
[1.421s] CMake Warning (dev) at /usr/share/cmake-3.22/Modules/FindPackageHandleStandardArgs.cmake:438 (message):
[1.422s]   The package name passed to `find_package_handle_standard_args` (PkgConfig)
[1.422s]   does not match the name of the calling package (gazebo).  This can lead to
[1.422s]   problems in calling code that expects `find_package` result variables
[1.422s]   (e.g., `_FOUND`) to follow a certain pattern.
[1.422s] Call Stack (most recent call first):
[1.422s]   /usr/share/cmake-3.22/Modules/FindPkgConfig.cmake:99 (find_package_handle_standard_args)
[1.422s]   /usr/lib/x86_64-linux-gnu/cmake/gazebo/gazebo-config.cmake:72 (include)
[1.422s]   CMakeLists.txt:23 (find_package)
[1.422s] This warning is for project developers.  Use -Wno-dev to suppress it.
[1.422s] 
[1.422s] -- Found PkgConfig: /usr/bin/pkg-config (found version "0.29.2") 
[1.430s] -- Checking for module 'bullet>=2.82'
[1.456s] --   Found bullet, version 3.05
[1.684s] -- Found fcl: /usr/include (found suitable version "0.7.0", minimum required is "0.5.0") 
[1.811s] -- Found assimp: /usr/include (found version "5.2.0") 
[1.850s] -- Found DART: /usr/include (Required is at least version "6.6") found components: dart 
[2.205s] -- Found Boost: /usr/lib/x86_64-linux-gnu/cmake/Boost-1.74.0/BoostConfig.cmake (found suitable version "1.74.0", minimum required is "1.40.0") found components: thread system filesystem program_options regex iostreams date_time 
[2.230s] -- Found Protobuf: /usr/lib/x86_64-linux-gnu/libprotobuf.so (found version "3.12.4") 
[2.239s] -- Looking for ignition-math6 -- found version 6.15.1
[2.250s] -- Searching for dependencies of ignition-math6
[2.252s] -- Looking for OGRE...
[2.253s] -- OGRE_PREFIX_WATCH changed.
[2.265s] -- Checking for module 'OGRE'
[2.299s] --   Found OGRE, version 1.9.0
[2.380s] -- Found Ogre Ghadamon (1.9.0)
[2.386s] -- Found OGRE: optimized;/usr/lib/x86_64-linux-gnu/libOgreMain.so;debug;/usr/lib/x86_64-linux-gnu/libOgreMain.so
[2.394s] -- Looking for OGRE_Paging...
[2.404s] -- Found OGRE_Paging: optimized;/usr/lib/x86_64-linux-gnu/libOgrePaging.so;debug;/usr/lib/x86_64-linux-gnu/libOgrePaging.so
[2.404s] -- Looking for OGRE_Terrain...
[2.410s] -- Found OGRE_Terrain: optimized;/usr/lib/x86_64-linux-gnu/libOgreTerrain.so;debug;/usr/lib/x86_64-linux-gnu/libOgreTerrain.so
[2.411s] -- Looking for OGRE_Property...
[2.416s] -- Found OGRE_Property: optimized;/usr/lib/x86_64-linux-gnu/libOgreProperty.so;debug;/usr/lib/x86_64-linux-gnu/libOgreProperty.so
[2.416s] -- Looking for OGRE_RTShaderSystem...
[2.423s] -- Found OGRE_RTShaderSystem: optimized;/usr/lib/x86_64-linux-gnu/libOgreRTShaderSystem.so;debug;/usr/lib/x86_64-linux-gnu/libOgreRTShaderSystem.so
[2.423s] -- Looking for OGRE_Volume...
[2.429s] -- Found OGRE_Volume: optimized;/usr/lib/x86_64-linux-gnu/libOgreVolume.so;debug;/usr/lib/x86_64-linux-gnu/libOgreVolume.so
[2.430s] -- Looking for OGRE_Overlay...
[2.440s] -- Found OGRE_Overlay: optimized;/usr/lib/x86_64-linux-gnu/libOgreOverlay.so;debug;/usr/lib/x86_64-linux-gnu/libOgreOverlay.so
[2.620s] -- Looking for ignition-math6 -- found version 6.15.1
[2.621s] -- Looking for ignition-transport8 -- found version 8.2.1
[2.622s] -- Searching for dependencies of ignition-transport8
[2.651s] -- Found Protobuf: /usr/lib/x86_64-linux-gnu/libprotobuf.so (found suitable version "3.12.4", minimum required is "3") 
[2.667s] -- Config-file not installed for ZeroMQ -- checking for pkg-config
[2.673s] -- Checking for module 'libzmq >= 4'
[2.690s] --   Found libzmq , version 4.3.4
[2.749s] -- Found ZeroMQ: TRUE (Required is at least version "4") 
[2.761s] -- Checking for module 'uuid'
[2.778s] --   Found uuid, version 2.37.2
[2.812s] -- Found UUID: TRUE  
[2.816s] -- Looking for ignition-msgs5 -- found version 5.8.1
[2.816s] -- Searching for dependencies of ignition-msgs5
[2.841s] -- Looking for ignition-math6 -- found version 6.15.1
[2.851s] -- Checking for module 'tinyxml2'
[2.870s] --   Found tinyxml2, version 9.0.0
[2.907s] -- Looking for ignition-msgs5 -- found version 5.8.1
[2.912s] -- Looking for ignition-common3 -- found version 3.14.0
[2.912s] -- Searching for dependencies of ignition-common3
[2.912s] -- Looking for dlfcn.h - found
[2.913s] -- Looking for libdl - found
[2.914s] -- Found DL: TRUE  
[2.925s] -- Found tinyobjloader: /usr/lib/x86_64-linux-gnu/cmake/tinyobjloader/tinyobjloader-config.cmake (found version "2.0.0") 
[2.925s] -- Searching for <ignition-common3> component [graphics]
[2.929s] -- Looking for ignition-common3-graphics -- found version 3.14.0
[2.929s] -- Searching for dependencies of ignition-common3-graphics
[2.930s] -- Looking for ignition-math6 -- found version 6.15.1
[2.934s] -- Looking for ignition-fuel_tools4 -- found version 4.4.0
[2.935s] -- Searching for dependencies of ignition-fuel_tools4
[3.012s] -- Found CURL: /usr/lib/x86_64-linux-gnu/libcurl.so (found version "7.81.0")  
[3.020s] -- Checking for module 'jsoncpp'
[3.029s] --   Found jsoncpp, version 1.9.5
[3.058s] -- Found JSONCPP: TRUE  
[3.062s] -- Checking for module 'libzip'
[3.072s] --   Found libzip, version 1.7.3
[3.095s] -- Found ZIP: TRUE  
[3.096s] -- Looking for ignition-common3 -- found version 3.14.0
[3.096s] -- Looking for ignition-math6 -- found version 6.15.1
[3.097s] -- Looking for ignition-msgs5 -- found version 5.8.1
[3.103s] -- Found gazebo_ros_pkgs: 3.9.0 (/opt/ros/humble/share/gazebo_ros_pkgs/cmake)
[3.104s] -- Found geometry_msgs: 4.9.1 (/opt/ros/humble/share/geometry_msgs/cmake)
[3.135s] -- Found rosidl_generator_c: 3.1.8 (/opt/ros/humble/share/rosidl_generator_c/cmake)
[3.140s] -- Found rosidl_adapter: 3.1.8 (/opt/ros/humble/share/rosidl_adapter/cmake)
[3.149s] -- Found rosidl_generator_cpp: 3.1.8 (/opt/ros/humble/share/rosidl_generator_cpp/cmake)
[3.161s] -- Using all available rosidl_typesupport_c: rosidl_typesupport_fastrtps_c;rosidl_typesupport_introspection_c
[3.176s] -- Using all available rosidl_typesupport_cpp: rosidl_typesupport_fastrtps_cpp;rosidl_typesupport_introspection_cpp
[3.210s] -- Found nav_msgs: 4.9.1 (/opt/ros/humble/share/nav_msgs/cmake)
[3.226s] -- Found rclcpp: 16.0.19 (/opt/ros/humble/share/rclcpp/cmake)
[3.264s] -- Found rmw_implementation_cmake: 6.1.2 (/opt/ros/humble/share/rmw_implementation_cmake/cmake)
[3.267s] -- Found rmw_fastrtps_cpp: 6.2.10 (/opt/ros/humble/share/rmw_fastrtps_cpp/cmake)
[3.377s] -- Found OpenSSL: /usr/lib/x86_64-linux-gnu/libcrypto.so (found version "3.0.2")  
[3.408s] -- Found FastRTPS: /opt/ros/humble/include  
[3.459s] -- Using RMW implementation 'rmw_fastrtps_cpp' as default
[3.466s] -- Found Threads: TRUE  
[3.513s] -- Found sensor_msgs: 4.9.1 (/opt/ros/humble/share/sensor_msgs/cmake)
[3.535s] -- Found tf2: 0.25.20 (/opt/ros/humble/share/tf2/cmake)
[3.613s] -- Configuring done
[3.655s] -- Generating done
[3.663s] -- Build files have been written to: /ros_ws/build/turtlebot3_gazebo
[3.673s] Invoked command in '/ros_ws/build/turtlebot3_gazebo' returned '0': CMAKE_PREFIX_PATH=/opt/ros/humble /usr/bin/cmake /ros_ws/src/turtlebot3_simulations/turtlebot3_gazebo -DAMENT_CMAKE_SYMLINK_INSTALL=1 -DCMAKE_INSTALL_PREFIX=/ros_ws/install/turtlebot3_gazebo
[3.674s] Invoking command in '/ros_ws/build/turtlebot3_gazebo': CMAKE_PREFIX_PATH=/opt/ros/humble /usr/bin/cmake --build /ros_ws/build/turtlebot3_gazebo -- -j8 -l8
[3.730s] [  8%] Building CXX object CMakeFiles/obstacles.dir/src/obstacles.cpp.o
[3.733s] [ 16%] Building CXX object CMakeFiles/turtlebot3_drive.dir/src/turtlebot3_drive.cpp.o
[3.734s] [ 25%] Building CXX object CMakeFiles/obstacle1.dir/src/obstacle1.cpp.o
[3.740s] [ 33%] Building CXX object CMakeFiles/obstacle2.dir/src/obstacle2.cpp.o
[3.740s] [ 41%] Building CXX object CMakeFiles/traffic_bar_plugin.dir/src/traffic_bar_plugin.cpp.o
[3.746s] [ 50%] Building CXX object CMakeFiles/traffic_light_plugin.dir/src/traffic_light_plugin.cpp.o
