[0.040s] Invoking command in '/ros_ws/build/turtlebot3_description': CMAKE_PREFIX_PATH=/opt/ros/humble /usr/bin/cmake /ros_ws/src/turtlebot3/turtlebot3_description -DAMENT_CMAKE_SYMLINK_INSTALL=1 -DCMAKE_INSTALL_PREFIX=/ros_ws/install/turtlebot3_description
[1.146s] -- The C compiler identification is GNU 11.4.0
[1.146s] -- The CXX compiler identification is GNU 11.4.0
[1.146s] -- Detecting C compiler ABI info
[1.146s] -- Detecting C compiler ABI info - done
[1.147s] -- Check for working C compiler: /usr/bin/cc - skipped
[1.147s] -- Detecting C compile features
[1.147s] -- Detecting C compile features - done
[1.147s] -- Detecting CXX compiler ABI info
[1.147s] -- Detecting CXX compiler ABI info - done
[1.147s] -- Check for working CXX compiler: /usr/bin/c++ - skipped
[1.147s] -- Detecting CXX compile features
[1.147s] -- Detecting CXX compile features - done
[1.148s] -- Found ament_cmake: 1.3.14 (/opt/ros/humble/share/ament_cmake/cmake)
[1.281s] -- Found Python3: /usr/bin/python3 (found version "3.10.12") found components: Interpreter 
[1.385s] -- Override CMake install command with custom implementation using symlinks instead of copying resources
[1.454s] -- Found urdf: 2.6.1 (/opt/ros/humble/share/urdf/cmake)
[1.692s] -- Configuring done
[1.697s] -- Generating done
[1.705s] -- Build files have been written to: /ros_ws/build/turtlebot3_description
[1.713s] Invoked command in '/ros_ws/build/turtlebot3_description' returned '0': CMAKE_PREFIX_PATH=/opt/ros/humble /usr/bin/cmake /ros_ws/src/turtlebot3/turtlebot3_description -DAMENT_CMAKE_SYMLINK_INSTALL=1 -DCMAKE_INSTALL_PREFIX=/ros_ws/install/turtlebot3_description
[1.716s] Invoking command in '/ros_ws/build/turtlebot3_description': CMAKE_PREFIX_PATH=/opt/ros/humble /usr/bin/cmake --build /ros_ws/build/turtlebot3_description -- -j8 -l8
[1.790s] Invoked command in '/ros_ws/build/turtlebot3_description' returned '0': CMAKE_PREFIX_PATH=/opt/ros/humble /usr/bin/cmake --build /ros_ws/build/turtlebot3_description -- -j8 -l8
[1.791s] Invoking command in '/ros_ws/build/turtlebot3_description': CMAKE_PREFIX_PATH=/opt/ros/humble /usr/bin/cmake --install /ros_ws/build/turtlebot3_description
[1.799s] -- Install configuration: ""
[1.801s] -- Execute custom install script
[1.802s] -- Symlinking: /ros_ws/install/turtlebot3_description/share/turtlebot3_description/meshes/bases/burger_base.stl
[1.817s] -- Symlinking: /ros_ws/install/turtlebot3_description/share/turtlebot3_description/meshes/bases/waffle_base.stl
[1.830s] -- Symlinking: /ros_ws/install/turtlebot3_description/share/turtlebot3_description/meshes/bases/waffle_pi_base.stl
[1.848s] -- Symlinking: /ros_ws/install/turtlebot3_description/share/turtlebot3_description/meshes/sensors/astra.dae
[1.866s] -- Symlinking: /ros_ws/install/turtlebot3_description/share/turtlebot3_description/meshes/sensors/astra.jpg
[1.882s] -- Symlinking: /ros_ws/install/turtlebot3_description/share/turtlebot3_description/meshes/sensors/lds.stl
[1.928s] -- Symlinking: /ros_ws/install/turtlebot3_description/share/turtlebot3_description/meshes/sensors/r200.dae
[1.928s] -- Symlinking: /ros_ws/install/turtlebot3_description/share/turtlebot3_description/meshes/sensors/r200.jpg
[1.932s] -- Symlinking: /ros_ws/install/turtlebot3_description/share/turtlebot3_description/meshes/wheels/left_tire.stl
[1.947s] -- Symlinking: /ros_ws/install/turtlebot3_description/share/turtlebot3_description/meshes/wheels/right_tire.stl
[1.961s] -- Symlinking: /ros_ws/install/turtlebot3_description/share/turtlebot3_description/rviz/model.rviz
[1.971s] -- Symlinking: /ros_ws/install/turtlebot3_description/share/turtlebot3_description/urdf/common_properties.urdf
[1.984s] -- Symlinking: /ros_ws/install/turtlebot3_description/share/turtlebot3_description/urdf/turtlebot3_burger.urdf
[1.996s] -- Symlinking: /ros_ws/install/turtlebot3_description/share/turtlebot3_description/urdf/turtlebot3_waffle.urdf
[2.015s] -- Symlinking: /ros_ws/install/turtlebot3_description/share/turtlebot3_description/urdf/turtlebot3_waffle_pi.urdf
[2.042s] -- Symlinking: /ros_ws/install/turtlebot3_description/share/ament_index/resource_index/package_run_dependencies/turtlebot3_description
[2.044s] -- Symlinking: /ros_ws/install/turtlebot3_description/share/ament_index/resource_index/parent_prefix_path/turtlebot3_description
[2.058s] -- Symlinking: /ros_ws/install/turtlebot3_description/share/turtlebot3_description/environment/ament_prefix_path.sh
[2.076s] -- Symlinking: /ros_ws/install/turtlebot3_description/share/turtlebot3_description/environment/ament_prefix_path.dsv
[2.089s] -- Symlinking: /ros_ws/install/turtlebot3_description/share/turtlebot3_description/environment/path.sh
[2.106s] -- Symlinking: /ros_ws/install/turtlebot3_description/share/turtlebot3_description/environment/path.dsv
[2.135s] -- Symlinking: /ros_ws/install/turtlebot3_description/share/turtlebot3_description/local_setup.bash
[2.164s] -- Symlinking: /ros_ws/install/turtlebot3_description/share/turtlebot3_description/local_setup.sh
[2.178s] -- Symlinking: /ros_ws/install/turtlebot3_description/share/turtlebot3_description/local_setup.zsh
[2.191s] -- Symlinking: /ros_ws/install/turtlebot3_description/share/turtlebot3_description/local_setup.dsv
[2.209s] -- Symlinking: /ros_ws/install/turtlebot3_description/share/turtlebot3_description/package.dsv
[2.222s] -- Symlinking: /ros_ws/install/turtlebot3_description/share/ament_index/resource_index/packages/turtlebot3_description
[2.233s] -- Symlinking: /ros_ws/install/turtlebot3_description/share/turtlebot3_description/cmake/turtlebot3_descriptionConfig.cmake
[2.245s] -- Symlinking: /ros_ws/install/turtlebot3_description/share/turtlebot3_description/cmake/turtlebot3_descriptionConfig-version.cmake
[2.255s] -- Symlinking: /ros_ws/install/turtlebot3_description/share/turtlebot3_description/package.xml
[2.272s] Invoked command in '/ros_ws/build/turtlebot3_description' returned '0': CMAKE_PREFIX_PATH=/opt/ros/humble /usr/bin/cmake --install /ros_ws/build/turtlebot3_description
