[2.919s] Invoking command in '/ros_ws/build/turtlebot3_example': AMENT_PREFIX_PATH=/ros_ws/install/turtlebot3_msgs:${AMENT_PREFIX_PATH} CMAKE_PREFIX_PATH=/ros_ws/install/turtlebot3_msgs LD_LIBRARY_PATH=/ros_ws/install/turtlebot3_msgs/lib:${LD_LIBRARY_PATH} PYTHONPATH=/ros_ws/build/turtlebot3_example/prefix_override:/usr/lib/python3/dist-packages/colcon_core/task/python/colcon_distutils_commands:/ros_ws/install/turtlebot3_example/lib/python3.10/site-packages:/ros_ws/install/turtlebot3_msgs/local/lib/python3.10/dist-packages:${PYTHONPATH} /usr/bin/python3 -W ignore:setup.py install is deprecated -W ignore:easy_install command is deprecated setup.py develop --editable --build-directory /ros_ws/build/turtlebot3_example/build --no-deps symlink_data
[4.998s] running develop
[5.335s] running egg_info
[5.335s] creating turtlebot3_example.egg-info
[5.341s] writing turtlebot3_example.egg-info/PKG-INFO
[5.342s] writing dependency_links to turtlebot3_example.egg-info/dependency_links.txt
[5.342s] writing entry points to turtlebot3_example.egg-info/entry_points.txt
[5.342s] writing requirements to turtlebot3_example.egg-info/requires.txt
[5.342s] writing top-level names to turtlebot3_example.egg-info/top_level.txt
[5.346s] writing manifest file 'turtlebot3_example.egg-info/SOURCES.txt'
[5.349s] reading manifest file 'turtlebot3_example.egg-info/SOURCES.txt'
[5.352s] writing manifest file 'turtlebot3_example.egg-info/SOURCES.txt'
[5.363s] running build_ext
[5.363s] Creating /ros_ws/install/turtlebot3_example/lib/python3.10/site-packages/turtlebot3-example.egg-link (link to .)
[5.365s] Installing turtlebot3_absolute_move script to /ros_ws/install/turtlebot3_example/lib/turtlebot3_example
[5.376s] Installing turtlebot3_interactive_marker script to /ros_ws/install/turtlebot3_example/lib/turtlebot3_example
[5.376s] Installing turtlebot3_obstacle_detection script to /ros_ws/install/turtlebot3_example/lib/turtlebot3_example
[5.376s] Installing turtlebot3_patrol_client script to /ros_ws/install/turtlebot3_example/lib/turtlebot3_example
[5.376s] Installing turtlebot3_patrol_server script to /ros_ws/install/turtlebot3_example/lib/turtlebot3_example
[5.377s] Installing turtlebot3_relative_move script to /ros_ws/install/turtlebot3_example/lib/turtlebot3_example
[5.377s] 
[5.377s] Installed /ros_ws/build/turtlebot3_example
[5.377s] running symlink_data
[5.377s] creating /ros_ws/install/turtlebot3_example/share/ament_index
[5.377s] creating /ros_ws/install/turtlebot3_example/share/ament_index/resource_index
[5.377s] creating /ros_ws/install/turtlebot3_example/share/ament_index/resource_index/packages
[5.377s] symbolically linking /ros_ws/build/turtlebot3_example/resource/turtlebot3_example -> /ros_ws/install/turtlebot3_example/share/ament_index/resource_index/packages
[5.377s] symbolically linking /ros_ws/build/turtlebot3_example/package.xml -> /ros_ws/install/turtlebot3_example/share/turtlebot3_example
[5.457s] Invoked command in '/ros_ws/build/turtlebot3_example' returned '0': AMENT_PREFIX_PATH=/ros_ws/install/turtlebot3_msgs:${AMENT_PREFIX_PATH} CMAKE_PREFIX_PATH=/ros_ws/install/turtlebot3_msgs LD_LIBRARY_PATH=/ros_ws/install/turtlebot3_msgs/lib:${LD_LIBRARY_PATH} PYTHONPATH=/ros_ws/build/turtlebot3_example/prefix_override:/usr/lib/python3/dist-packages/colcon_core/task/python/colcon_distutils_commands:/ros_ws/install/turtlebot3_example/lib/python3.10/site-packages:/ros_ws/install/turtlebot3_msgs/local/lib/python3.10/dist-packages:${PYTHONPATH} /usr/bin/python3 -W ignore:setup.py install is deprecated -W ignore:easy_install command is deprecated setup.py develop --editable --build-directory /ros_ws/build/turtlebot3_example/build --no-deps symlink_data
