[0.911s] Invoking command in '/ros_ws/src/turtlebot3/turtlebot3_teleop': PYTHONPATH=/ros_ws/build/turtlebot3_teleop/prefix_override:/usr/lib/python3/dist-packages/colcon_core/task/python/colcon_distutils_commands:/ros_ws/install/turtlebot3_teleop/lib/python3.10/site-packages:${PYTHONPATH} /usr/bin/python3 -W ignore:setup.py install is deprecated -W ignore:easy_install command is deprecated setup.py egg_info --egg-base ../../../build/turtlebot3_teleop build --build-base /ros_ws/build/turtlebot3_teleop/build install --record /ros_ws/build/turtlebot3_teleop/install.log --single-version-externally-managed install_data
[1.165s] running egg_info
[1.168s] creating ../../../build/turtlebot3_teleop/turtlebot3_teleop.egg-info
[1.168s] writing ../../../build/turtlebot3_teleop/turtlebot3_teleop.egg-info/PKG-INFO
[1.168s] writing dependency_links to ../../../build/turtlebot3_teleop/turtlebot3_teleop.egg-info/dependency_links.txt
[1.168s] writing entry points to ../../../build/turtlebot3_teleop/turtlebot3_teleop.egg-info/entry_points.txt
[1.168s] writing requirements to ../../../build/turtlebot3_teleop/turtlebot3_teleop.egg-info/requires.txt
[1.168s] writing top-level names to ../../../build/turtlebot3_teleop/turtlebot3_teleop.egg-info/top_level.txt
[1.168s] writing manifest file '../../../build/turtlebot3_teleop/turtlebot3_teleop.egg-info/SOURCES.txt'
[1.174s] reading manifest file '../../../build/turtlebot3_teleop/turtlebot3_teleop.egg-info/SOURCES.txt'
[1.174s] writing manifest file '../../../build/turtlebot3_teleop/turtlebot3_teleop.egg-info/SOURCES.txt'
[1.174s] running build
[1.175s] running build_py
[1.175s] creating /ros_ws/build/turtlebot3_teleop/build
[1.175s] creating /ros_ws/build/turtlebot3_teleop/build/lib
[1.175s] creating /ros_ws/build/turtlebot3_teleop/build/lib/turtlebot3_teleop
[1.175s] copying turtlebot3_teleop/__init__.py -> /ros_ws/build/turtlebot3_teleop/build/lib/turtlebot3_teleop
[1.176s] creating /ros_ws/build/turtlebot3_teleop/build/lib/turtlebot3_teleop/script
[1.176s] copying turtlebot3_teleop/script/__init__.py -> /ros_ws/build/turtlebot3_teleop/build/lib/turtlebot3_teleop/script
[1.176s] copying turtlebot3_teleop/script/teleop_keyboard.py -> /ros_ws/build/turtlebot3_teleop/build/lib/turtlebot3_teleop/script
[1.176s] running install
[1.176s] running install_lib
[1.176s] creating /ros_ws/install/turtlebot3_teleop/lib/python3.10/site-packages/turtlebot3_teleop
[1.177s] copying /ros_ws/build/turtlebot3_teleop/build/lib/turtlebot3_teleop/__init__.py -> /ros_ws/install/turtlebot3_teleop/lib/python3.10/site-packages/turtlebot3_teleop
[1.177s] creating /ros_ws/install/turtlebot3_teleop/lib/python3.10/site-packages/turtlebot3_teleop/script
[1.177s] copying /ros_ws/build/turtlebot3_teleop/build/lib/turtlebot3_teleop/script/__init__.py -> /ros_ws/install/turtlebot3_teleop/lib/python3.10/site-packages/turtlebot3_teleop/script
[1.177s] copying /ros_ws/build/turtlebot3_teleop/build/lib/turtlebot3_teleop/script/teleop_keyboard.py -> /ros_ws/install/turtlebot3_teleop/lib/python3.10/site-packages/turtlebot3_teleop/script
[1.177s] byte-compiling /ros_ws/install/turtlebot3_teleop/lib/python3.10/site-packages/turtlebot3_teleop/__init__.py to __init__.cpython-310.pyc
[1.177s] byte-compiling /ros_ws/install/turtlebot3_teleop/lib/python3.10/site-packages/turtlebot3_teleop/script/__init__.py to __init__.cpython-310.pyc
[1.177s] byte-compiling /ros_ws/install/turtlebot3_teleop/lib/python3.10/site-packages/turtlebot3_teleop/script/teleop_keyboard.py to teleop_keyboard.cpython-310.pyc
[1.177s] running install_data
[1.178s] creating /ros_ws/install/turtlebot3_teleop/share/ament_index
[1.178s] creating /ros_ws/install/turtlebot3_teleop/share/ament_index/resource_index
[1.178s] creating /ros_ws/install/turtlebot3_teleop/share/ament_index/resource_index/packages
[1.178s] copying resource/turtlebot3_teleop -> /ros_ws/install/turtlebot3_teleop/share/ament_index/resource_index/packages
[1.180s] copying package.xml -> /ros_ws/install/turtlebot3_teleop/share/turtlebot3_teleop
[1.180s] running install_egg_info
[1.184s] Copying ../../../build/turtlebot3_teleop/turtlebot3_teleop.egg-info to /ros_ws/install/turtlebot3_teleop/lib/python3.10/site-packages/turtlebot3_teleop-2.3.7-py3.10.egg-info
[1.185s] running install_scripts
[1.209s] Installing teleop_keyboard script to /ros_ws/install/turtlebot3_teleop/lib/turtlebot3_teleop
[1.210s] writing list of installed files to '/ros_ws/build/turtlebot3_teleop/install.log'
[1.247s] Invoked command in '/ros_ws/src/turtlebot3/turtlebot3_teleop' returned '0': PYTHONPATH=/ros_ws/build/turtlebot3_teleop/prefix_override:/usr/lib/python3/dist-packages/colcon_core/task/python/colcon_distutils_commands:/ros_ws/install/turtlebot3_teleop/lib/python3.10/site-packages:${PYTHONPATH} /usr/bin/python3 -W ignore:setup.py install is deprecated -W ignore:easy_install command is deprecated setup.py egg_info --egg-base ../../../build/turtlebot3_teleop build --build-base /ros_ws/build/turtlebot3_teleop/build install --record /ros_ws/build/turtlebot3_teleop/install.log --single-version-externally-managed install_data
