[1.195s] Invoking command in '/ros_ws/src/turtlebot3/turtlebot3_teleop': PYTHONPATH=/ros_ws/build/turtlebot3_teleop/prefix_override:/usr/lib/python3/dist-packages/colcon_core/task/python/colcon_distutils_commands:/ros_ws/install/turtlebot3_teleop/lib/python3.10/site-packages:${PYTHONPATH} /usr/bin/python3 -W ignore:setup.py install is deprecated -W ignore:easy_install command is deprecated setup.py egg_info --egg-base ../../../build/turtlebot3_teleop build --build-base /ros_ws/build/turtlebot3_teleop/build install --record /ros_ws/build/turtlebot3_teleop/install.log --single-version-externally-managed install_data
[1.557s] running egg_info
[1.559s] writing ../../../build/turtlebot3_teleop/turtlebot3_teleop.egg-info/PKG-INFO
[1.559s] writing dependency_links to ../../../build/turtlebot3_teleop/turtlebot3_teleop.egg-info/dependency_links.txt
[1.560s] writing entry points to ../../../build/turtlebot3_teleop/turtlebot3_teleop.egg-info/entry_points.txt
[1.560s] writing requirements to ../../../build/turtlebot3_teleop/turtlebot3_teleop.egg-info/requires.txt
[1.561s] writing top-level names to ../../../build/turtlebot3_teleop/turtlebot3_teleop.egg-info/top_level.txt
[1.564s] reading manifest file '../../../build/turtlebot3_teleop/turtlebot3_teleop.egg-info/SOURCES.txt'
[1.565s] writing manifest file '../../../build/turtlebot3_teleop/turtlebot3_teleop.egg-info/SOURCES.txt'
[1.566s] running build
[1.566s] running build_py
[1.569s] running install
[1.571s] running install_lib
[1.578s] running install_data
[1.581s] running install_egg_info
[1.585s] removing '/ros_ws/install/turtlebot3_teleop/lib/python3.10/site-packages/turtlebot3_teleop-2.3.7-py3.10.egg-info' (and everything under it)
[1.598s] Copying ../../../build/turtlebot3_teleop/turtlebot3_teleop.egg-info to /ros_ws/install/turtlebot3_teleop/lib/python3.10/site-packages/turtlebot3_teleop-2.3.7-py3.10.egg-info
[1.600s] running install_scripts
[1.667s] Installing teleop_keyboard script to /ros_ws/install/turtlebot3_teleop/lib/turtlebot3_teleop
[1.668s] writing list of installed files to '/ros_ws/build/turtlebot3_teleop/install.log'
[1.777s] Invoked command in '/ros_ws/src/turtlebot3/turtlebot3_teleop' returned '0': PYTHONPATH=/ros_ws/build/turtlebot3_teleop/prefix_override:/usr/lib/python3/dist-packages/colcon_core/task/python/colcon_distutils_commands:/ros_ws/install/turtlebot3_teleop/lib/python3.10/site-packages:${PYTHONPATH} /usr/bin/python3 -W ignore:setup.py install is deprecated -W ignore:easy_install command is deprecated setup.py egg_info --egg-base ../../../build/turtlebot3_teleop build --build-base /ros_ws/build/turtlebot3_teleop/build install --record /ros_ws/build/turtlebot3_teleop/install.log --single-version-externally-managed install_data
