[1.101s] Invoking command in '/ros_ws/src/turtlebot3/turtlebot3_example': AMENT_PREFIX_PATH=/ros_ws/install/turtlebot3_msgs:${AMENT_PREFIX_PATH} CMAKE_PREFIX_PATH=/ros_ws/install/turtlebot3_msgs LD_LIBRARY_PATH=/ros_ws/install/turtlebot3_msgs/lib:${LD_LIBRARY_PATH} PYTHONPATH=/ros_ws/build/turtlebot3_example/prefix_override:/usr/lib/python3/dist-packages/colcon_core/task/python/colcon_distutils_commands:/ros_ws/install/turtlebot3_example/lib/python3.10/site-packages:/ros_ws/install/turtlebot3_msgs/local/lib/python3.10/dist-packages:${PYTHONPATH} /usr/bin/python3 -W ignore:setup.py install is deprecated -W ignore:easy_install command is deprecated setup.py egg_info --egg-base ../../../build/turtlebot3_example build --build-base /ros_ws/build/turtlebot3_example/build install --record /ros_ws/build/turtlebot3_example/install.log --single-version-externally-managed install_data
[1.442s] running egg_info
[1.442s] writing ../../../build/turtlebot3_example/turtlebot3_example.egg-info/PKG-INFO
[1.442s] writing dependency_links to ../../../build/turtlebot3_example/turtlebot3_example.egg-info/dependency_links.txt
[1.443s] writing entry points to ../../../build/turtlebot3_example/turtlebot3_example.egg-info/entry_points.txt
[1.446s] writing requirements to ../../../build/turtlebot3_example/turtlebot3_example.egg-info/requires.txt
[1.446s] writing top-level names to ../../../build/turtlebot3_example/turtlebot3_example.egg-info/top_level.txt
[1.447s] reading manifest file '../../../build/turtlebot3_example/turtlebot3_example.egg-info/SOURCES.txt'
[1.449s] writing manifest file '../../../build/turtlebot3_example/turtlebot3_example.egg-info/SOURCES.txt'
[1.450s] running build
[1.450s] running build_py
[1.455s] running install
[1.455s] running install_lib
[1.462s] running install_data
[1.466s] running install_egg_info
[1.470s] removing '/ros_ws/install/turtlebot3_example/lib/python3.10/site-packages/turtlebot3_example-2.3.7-py3.10.egg-info' (and everything under it)
[1.473s] Copying ../../../build/turtlebot3_example/turtlebot3_example.egg-info to /ros_ws/install/turtlebot3_example/lib/python3.10/site-packages/turtlebot3_example-2.3.7-py3.10.egg-info
[1.477s] running install_scripts
[1.542s] Installing turtlebot3_absolute_move script to /ros_ws/install/turtlebot3_example/lib/turtlebot3_example
[1.542s] Installing turtlebot3_interactive_marker script to /ros_ws/install/turtlebot3_example/lib/turtlebot3_example
[1.542s] Installing turtlebot3_obstacle_detection script to /ros_ws/install/turtlebot3_example/lib/turtlebot3_example
[1.542s] Installing turtlebot3_patrol_client script to /ros_ws/install/turtlebot3_example/lib/turtlebot3_example
[1.542s] Installing turtlebot3_patrol_server script to /ros_ws/install/turtlebot3_example/lib/turtlebot3_example
[1.542s] Installing turtlebot3_relative_move script to /ros_ws/install/turtlebot3_example/lib/turtlebot3_example
[1.542s] writing list of installed files to '/ros_ws/build/turtlebot3_example/install.log'
[1.603s] Invoked command in '/ros_ws/src/turtlebot3/turtlebot3_example' returned '0': AMENT_PREFIX_PATH=/ros_ws/install/turtlebot3_msgs:${AMENT_PREFIX_PATH} CMAKE_PREFIX_PATH=/ros_ws/install/turtlebot3_msgs LD_LIBRARY_PATH=/ros_ws/install/turtlebot3_msgs/lib:${LD_LIBRARY_PATH} PYTHONPATH=/ros_ws/build/turtlebot3_example/prefix_override:/usr/lib/python3/dist-packages/colcon_core/task/python/colcon_distutils_commands:/ros_ws/install/turtlebot3_example/lib/python3.10/site-packages:/ros_ws/install/turtlebot3_msgs/local/lib/python3.10/dist-packages:${PYTHONPATH} /usr/bin/python3 -W ignore:setup.py install is deprecated -W ignore:easy_install command is deprecated setup.py egg_info --egg-base ../../../build/turtlebot3_example build --build-base /ros_ws/build/turtlebot3_example/build install --record /ros_ws/build/turtlebot3_example/install.log --single-version-externally-managed install_data
