[0.056s] Invoking command in '/ros_ws/build/turtlebot3_node': AMENT_PREFIX_PATH=/ros_ws/install/turtlebot3_msgs:${AMENT_PREFIX_PATH} CMAKE_PREFIX_PATH=/ros_ws/install/turtlebot3_msgs:/opt/ros/humble LD_LIBRARY_PATH=/ros_ws/install/turtlebot3_msgs/lib:${LD_LIBRARY_PATH} PYTHONPATH=/ros_ws/install/turtlebot3_msgs/local/lib/python3.10/dist-packages:${PYTHONPATH} /usr/bin/cmake /ros_ws/src/turtlebot3/turtlebot3_node -DAMENT_CMAKE_SYMLINK_INSTALL=1 -DCMAKE_INSTALL_PREFIX=/ros_ws/install/turtlebot3_node
[0.655s] -- The C compiler identification is GNU 11.4.0
[0.655s] -- The CXX compiler identification is GNU 11.4.0
[0.655s] -- Detecting C compiler ABI info
[0.655s] -- Detecting C compiler ABI info - done
[0.656s] -- Check for working C compiler: /usr/bin/cc - skipped
[0.656s] -- Detecting C compile features
[0.656s] -- Detecting C compile features - done
[0.656s] -- Detecting CXX compiler ABI info
[0.656s] -- Detecting CXX compiler ABI info - done
[0.656s] -- Check for working CXX compiler: /usr/bin/c++ - skipped
[0.656s] -- Detecting CXX compile features
[0.656s] -- Detecting CXX compile features - done
[0.656s] -- Found ament_cmake: 1.3.14 (/opt/ros/humble/share/ament_cmake/cmake)
[0.946s] -- Found Python3: /usr/bin/python3 (found version "3.10.12") found components: Interpreter 
[2.174s] -- Override CMake install command with custom implementation using symlinks instead of copying resources
[2.351s] -- Found dynamixel_sdk: 4.0.3 (/opt/ros/humble/share/dynamixel_sdk/cmake)
[2.405s] -- Found geometry_msgs: 4.9.1 (/opt/ros/humble/share/geometry_msgs/cmake)
[2.723s] -- Found rosidl_generator_c: 3.1.8 (/opt/ros/humble/share/rosidl_generator_c/cmake)
[2.751s] -- Found rosidl_adapter: 3.1.8 (/opt/ros/humble/share/rosidl_adapter/cmake)
[2.818s] -- Found rosidl_generator_cpp: 3.1.8 (/opt/ros/humble/share/rosidl_generator_cpp/cmake)
[2.931s] -- Using all available rosidl_typesupport_c: rosidl_typesupport_fastrtps_c;rosidl_typesupport_introspection_c
[3.011s] -- Using all available rosidl_typesupport_cpp: rosidl_typesupport_fastrtps_cpp;rosidl_typesupport_introspection_cpp
[3.268s] -- Found message_filters: 4.3.16 (/opt/ros/humble/share/message_filters/cmake)
[3.541s] -- Found rmw_implementation_cmake: 6.1.2 (/opt/ros/humble/share/rmw_implementation_cmake/cmake)
[3.601s] -- Found rmw_fastrtps_cpp: 6.2.10 (/opt/ros/humble/share/rmw_fastrtps_cpp/cmake)
[4.250s] -- Found OpenSSL: /usr/lib/x86_64-linux-gnu/libcrypto.so (found version "3.0.2")  
[4.425s] -- Found FastRTPS: /opt/ros/humble/include  
[4.617s] -- Using RMW implementation 'rmw_fastrtps_cpp' as default
[4.677s] -- Looking for pthread.h
[5.218s] -- Looking for pthread.h - found
[5.219s] -- Performing Test CMAKE_HAVE_LIBC_PTHREAD
[5.405s] -- Performing Test CMAKE_HAVE_LIBC_PTHREAD - Success
[5.405s] -- Found Threads: TRUE  
[5.557s] -- Found nav_msgs: 4.9.1 (/opt/ros/humble/share/nav_msgs/cmake)
[5.587s] -- Found sensor_msgs: 4.9.1 (/opt/ros/humble/share/sensor_msgs/cmake)
[5.618s] -- Found std_srvs: 4.9.1 (/opt/ros/humble/share/std_srvs/cmake)
[5.672s] -- Found tf2: 0.25.20 (/opt/ros/humble/share/tf2/cmake)
[5.706s] -- Found tf2_ros: 0.25.20 (/opt/ros/humble/share/tf2_ros/cmake)
[5.936s] -- Found turtlebot3_msgs: 2.4.0 (/ros_ws/install/turtlebot3_msgs/share/turtlebot3_msgs/cmake)
[6.275s] -- Configuring done
[6.326s] -- Generating done
[6.338s] -- Build files have been written to: /ros_ws/build/turtlebot3_node
[6.372s] Invoked command in '/ros_ws/build/turtlebot3_node' returned '0': AMENT_PREFIX_PATH=/ros_ws/install/turtlebot3_msgs:${AMENT_PREFIX_PATH} CMAKE_PREFIX_PATH=/ros_ws/install/turtlebot3_msgs:/opt/ros/humble LD_LIBRARY_PATH=/ros_ws/install/turtlebot3_msgs/lib:${LD_LIBRARY_PATH} PYTHONPATH=/ros_ws/install/turtlebot3_msgs/local/lib/python3.10/dist-packages:${PYTHONPATH} /usr/bin/cmake /ros_ws/src/turtlebot3/turtlebot3_node -DAMENT_CMAKE_SYMLINK_INSTALL=1 -DCMAKE_INSTALL_PREFIX=/ros_ws/install/turtlebot3_node
[6.374s] Invoking command in '/ros_ws/build/turtlebot3_node': AMENT_PREFIX_PATH=/ros_ws/install/turtlebot3_msgs:${AMENT_PREFIX_PATH} CMAKE_PREFIX_PATH=/ros_ws/install/turtlebot3_msgs:/opt/ros/humble LD_LIBRARY_PATH=/ros_ws/install/turtlebot3_msgs/lib:${LD_LIBRARY_PATH} PYTHONPATH=/ros_ws/install/turtlebot3_msgs/local/lib/python3.10/dist-packages:${PYTHONPATH} /usr/bin/cmake --build /ros_ws/build/turtlebot3_node -- -j8 -l8
[6.497s] [  7%] Building CXX object CMakeFiles/turtlebot3_node_lib.dir/src/diff_drive_controller.cpp.o
[6.498s] [ 14%] Building CXX object CMakeFiles/turtlebot3_node_lib.dir/src/devices/motor_power.cpp.o
[6.501s] [ 21%] Building CXX object CMakeFiles/turtlebot3_node_lib.dir/src/turtlebot3.cpp.o
[6.501s] [ 28%] Building CXX object CMakeFiles/turtlebot3_node_lib.dir/src/devices/reset.cpp.o
[6.502s] [ 35%] Building CXX object CMakeFiles/turtlebot3_node_lib.dir/src/sensors/battery_state.cpp.o
[6.507s] [ 42%] Building CXX object CMakeFiles/turtlebot3_node_lib.dir/src/odometry.cpp.o
[6.514s] [ 50%] Building CXX object CMakeFiles/turtlebot3_node_lib.dir/src/devices/sound.cpp.o
[6.518s] [ 57%] Building CXX object CMakeFiles/turtlebot3_node_lib.dir/src/dynamixel_sdk_wrapper.cpp.o
